[    0.000000] Linux version 4.15.0-106-generic (buildd@lcy01-amd64-016) (gcc version 7.5.0 (Ubuntu 7.5.0-3ubuntu1~18.04)) #107-Ubuntu SMP Thu Jun 4 11:27:52 UTC 2020 (Ubuntu 4.15.0-106.107-generic 4.15.18)
[    0.000000] Command line: BOOT_IMAGE=/boot/vmlinuz-4.15.0-106-generic root=LABEL=cloudimg-rootfs ro console=tty1 console=ttyS0
[    0.000000] KERNEL supported cpus:
[    0.000000]   Intel GenuineIntel
[    0.000000]   AMD AuthenticAMD
[    0.000000]   Centaur CentaurHauls
[    0.000000] x86/fpu: Supporting XSAVE feature 0x001: 'x87 floating point registers'
[    0.000000] x86/fpu: Supporting XSAVE feature 0x002: 'SSE registers'
[    0.000000] x86/fpu: Supporting XSAVE feature 0x004: 'AVX registers'
[    0.000000] x86/fpu: xstate_offset[2]:  576, xstate_sizes[2]:  256
[    0.000000] x86/fpu: Enabled xstate features 0x7, context size is 832 bytes, using 'standard' format.
[    0.000000] e820: BIOS-provided physical RAM map:
[    0.000000] BIOS-e820: [mem 0x0000000000000000-0x000000000009fbff] usable
[    0.000000] BIOS-e820: [mem 0x000000000009fc00-0x000000000009ffff] reserved
[    0.000000] BIOS-e820: [mem 0x00000000000f0000-0x00000000000fffff] reserved
[    0.000000] BIOS-e820: [mem 0x0000000000100000-0x000000003ffeffff] usable
[    0.000000] BIOS-e820: [mem 0x00000000fff0000-0x000000003ffffff] ACPI data
[    0.000000] BIOS-e820: [mem 0x00000000fec00000-0x00000000fec00fff] reserved
[    0.000000] BIOS-e820: [mem 0x00000000fee00000-0x00000000fee00fff] reserved
[    0.000000] BIOS-e820: [mem 0x00000000fffc0000-0x00000000ffffffff] reserved
[    0.000000] NX (Execute Disable) protection: active
[    0.000000] SMBIOS 2.5 present.
[    0.000000] DMI: innotek GmbH VirtualBox/VirtualBox, BIOS VirtualBox 12/01/2006
[    0.000000] Hypervisor detected: KVM
[    0.000000] e820: last_pfn = 0x3fff0 max_arch_pfn = 0x400000000
[    0.000000] MTRR: Disabled
[    0.000000] x86/PAT: MTRRs disabled, skipping PAT initialization too.
[    0.000000] CPU MTRRs all blank - virtualized system.
[    0.000000] x86/PAT: Configuration [0-7]: WB  WT  UC- UC  WB  WT  UC- UC  
[    0.000000] found SMP MP-table at [mem 0x0009fff0-0x0009ffff]
[    0.000000] Scanning 1 areas for low memory corruption
[    0.000000] RAMDISK: [mem 0x35a6d000-0x36d2dfff]
[    0.000000] ACPI: Early table checksum verification disabled
[    0.000000] ACPI: RSDP 0x00000000000E0000 000024 (v02 VBOX  )
[    0.000000] ACPI: XSDT 0x000000003FFF0030 00003C (v01 VBOX   VBOXXSDT 00000001 ASL  00000061)
[    0.000000] ACPI: FACP 0x000000003FFF00F0 0000F4 (v04 VBOX   VBOXFACP 00000001 ASL  00000061)
[    0.000000] ACPI: DSDT 0x000000003FFF0470 0021FF (v02 VBOX   VBOXBIOS 00000002 INTL 20180105)
[    0.000000] ACPI: FACS 0x000000003FFF0200 000040
[    0.000000] ACPI: FACS 0x000000003FFF0200 000040
[    0.000000] ACPI: APIC 0x000000003FFF0240 00005C (v02 VBOX   VBOXAPIC 00000001 ASL  00000061)
[    0.000000] ACPI: SSDT 0x000000003FFF02A0 0001CC (v01 VBOX   VBOXCPUT 00000002 INTL 20180105)
[    0.000000] No NUMA configuration found
[    0.000000] Faking a node at [mem 0x0000000000000000-0x000000003ffeffff]
[    0.000000] NODE_DATA(0) allocated [mem 0x3ffc5000-0x3ffeffff]
[    0.000000] kvm-clock: cpu 0, msr 0:3ff44001, primary cpu clock
[    0.000000] kvm-clock: Using msrs 4b564d01 and 4b564d00
[    0.000000] kvm-clock: using sched offset of 3615038508 cycles
[    0.000000] clocksource: kvm-clock: mask: 0xffffffffffffffff max_cycles: 0x1cd42e4dffb, max_idle_ns: 881590591483 ns
[    0.000000] Zone ranges:
[    0.000000]   DMA      [mem 0x0000000000001000-0x0000000000ffffff]
[    0.000000]   DMA32    [mem 0x0000000001000000-0x000000003ffeffff]
[    0.000000]   Normal   empty
[    0.000000]   Device   empty
[    0.000000] Movable zone start for each node
[    0.000000] Early memory node ranges
[    0.000000]   node   0: [mem 0x0000000000001000-0x000000000009efff]
[    0.000000]   node   0: [mem 0x0000000000100000-0x000000003ffeffff]
[    0.000000] Reserved but unavailable: 98 pages
[    0.000000] Initmem setup node 0 [mem 0x0000000000001000-0x000000003ffeffff]
[    0.000000] ACPI: PM-Timer IO Port: 0x4008
[    0.000000] IOAPIC[0]: apic_id 2, version 32, address 0xfec00000, GSI 0-23
[    0.000000] ACPI: INT_SRC_OVR (bus 0 bus_irq 0 global_irq 2 dfl dfl)
[    0.000000] ACPI: INT_SRC_OVR (bus 0 bus_irq 9 global_irq 9 low level)
[    0.000000] Using ACPI (MADT) for SMP configuration information
[    0.000000] smpboot: Allowing 2 CPUs, 0 hotplug CPUs
[    0.000000] PM: Registered nosave memory: [mem 0x00000000-0x00000fff]
[    0.000000] PM: Registered nosave memory: [mem 0x0009f000-0x0009ffff]
[    0.000000] PM: Registered nosave memory: [mem 0x000a0000-0x000effff]
[    0.000000] PM: Registered nosave memory: [mem 0x000f0000-0x000fffff]
[    0.000000] e820: [mem 0x40000000-0xfebfffff] available for PCI devices
[    0.000000] Booting paravirtualized kernel on KVM
[    0.000000] clocksource: refined-jiffies: mask: 0xffffffff max_cycles: 0xffffffff, max_idle_ns: 7645519600211568 ns
[    0.000000] random: get_random_bytes called from start_kernel+0x99/0x4fd with crng_init=0
[    0.000000] setup_percpu: NR_CPUS:8192 nr_cpumask_bits:2 nr_cpu_ids:2 nr_node_ids:1
[    0.000000] percpu: Embedded 45 pages/cpu s147456 r8192 d28672 u1048576
[    0.000000] PV qspinlock hash table entries: 256 (order: 0, 4096 bytes)
[    0.000000] Built 1 zonelists, mobility grouping on.  Total pages: 257913
[    0.000000] Policy zone: DMA32
[    0.000000] Kernel command line: BOOT_IMAGE=/boot/vmlinuz-4.15.0-106-generic root=LABEL=cloudimg-rootfs ro console=tty1 console=ttyS0
[    0.000000] Memory: 983048K/1048120K available (12300K kernel code, 2481K rwdata, 4272K rodata, 2436K init, 2720K bss, 65072K reserved, 0K cma-seved)
[    0.000000] SLUB: HWalign=64, Order=0-3, MinObjects=0, CPUs=2, Nodes=1
[    0.000000] Kernel/User page tables isolation: enabled
[    0.000000] ftrace: allocating 39378 entries in 154 pages
[    0.004000] Hierarchical RCU implementation.
[    0.004000] 	RCU restricting CPUs from NR_CPUS=8192 to nr_cpu_ids=2.
[    0.004000] 	Tasks RCU enabled.
[    0.004000] RCU: Adjusting geometry for rcu_fanout_leaf=16, nr_cpu_ids=2
[    0.004000] NR_IRQS: 524544, nr_irqs: 440, preallocated irqs: 16
[    0.004000] Console: colour VGA+ 80x25
[    0.004000] console [tty1] enabled
[    0.004000] console [ttyS0] enabled
[    0.004000] ACPI: Core revision 20170831
[    0.004000] ACPI: 2 ACPI AML tables successfully acquired and loaded
[    0.004000] APIC: Switch to symmetric I/O mode setup
[    0.004000] x2apic enabled
[    0.004000] Switched APIC routing to physical x2apic.
[    0.004000] ..TIMER: vector=0x30 apic1=0 pin1=2 apic2=-1 pin2=-1
[    0.004000] tsc: Detected 1992.007 MHz processor
[    0.004000] Calibrating delay loop (skipped) preset value.. 3984.01 BogoMIPS (lpj=7968028)
[    0.004003] pid_max: default: 32768 minimum: 301
[    0.004575] Security Framework initialized
[    0.005069] Yama: becoming mindful.
[    0.005521] AppArmor: AppArmor initialized
[    0.006453] Dentry cache hash table entries: 131072 (order: 8, 1048576 bytes)
[    0.008046] Inode-cache hash table entries: 65536 (order: 7, 524288 bytes)
[    0.008826] Mount-cache hash table entries: 2048 (order: 2, 16384 bytes)
[    0.009585] Mountpoint-cache hash table entries: 2048 (order: 2, 16384 bytes)
[    0.010593] Last level iTLB entries: 4KB 64, 2MB 8, 4MB 8
[    0.011223] Last level dTLB entries: 4KB 64, 2MB 0, 4MB 0, 1GB 4
[    0.012002] Spectre V1 : Mitigation: usercopy/swapgs barriers and __user pointer sanitization
[    0.012985] Spectre V2 : Mitigation: Full generic retpoline
[    0.013626] Spectre V2 : Spectre v2 / SpectreRSB mitigation: Filling RSB on context switch
[    0.014580] Speculative Store Bypass: Vulnerable
[    0.015179] SRBDS: Unknown: Dependent on hypervisor status
[    0.015821] MDS: Mitigation: Clear CPU buffers
[    0.016134] Freeing SMP alternatives memory: 36K
[    0.127404] smpboot: CPU0: Intel(R) Core(TM) i7-8550U CPU @ 1.80GHz (family: 0x6, model: 0x8e, stepping: 0xa)
[    0.128078] Performance Events: unsupported p6 CPU model 142 no PMU driver, software events only.
[    0.129141] Hierarchical SRCU implementation.
[    0.132144] NMI watchdog: Perf event create on CPU 0 failed with -2
[    0.132866] NMI watchdog: Perf NMI watchdog permanently disabled
[    0.136044] smp: Bringing up secondary CPUs ...
[    0.140067] x86: Booting SMP configuration:
[    0.140579] .... node  #0, CPUs:      #1
[    0.004000] kvm-clock: cpu 1, msr 0:3ff44041, secondary cpu clock
[    0.144015] smp: Brought up 1 node, 2 CPUs
[    0.144504] smpboot: Max logical packages: 1
[    0.145030] smpboot: Total of 2 processors activated (7968.02 BogoMIPS)
[    0.145892] devtmpfs: initialized
[    0.145892] x86/mm: Memory block size: 128MB
[    0.145892] evm: security.selinux
[    0.145892] evm: security.SMACK64
[    0.148003] evm: security.SMACK64EXEC
[    0.148472] evm: security.SMACK64TRANSMUTE
[    0.148980] evm: security.SMACK64MMAP
[    0.149451] evm: security.apparmor
[    0.149888] evm: security.ima
[    0.150280] evm: security.capability
[    0.150765] clocksource: jiffies: mask: 0xffffffff max_cycles: 0xffffffff, max_idle_ns: 7645041785100000 ns
[    0.152005] futex hash table entries: 512 (order: 3, 32768 bytes)
[    0.153107] pinctrl core: initialized pinctrl subsystem
[    0.153819] RTC time: 17:24:26, date: 06/26/20
[    0.154481] NET: Registered protocol family 16
[    0.155068] audit: initializing netlink subsys (disabled)
[    0.156021] audit: type=2000 audit(1593192270.475:1): state=initialized audit_enabled=0 res=1
[    0.156088] cpuidle: using governor ladder
[    0.156532] cpuidle: using governor menu
[    0.157036] ACPI: bus type PCI registered
[    0.157533] acpiphp: ACPI Hot Plug PCI Controller Driver version: 0.5
[    0.158331] PCI: Using configuration type 1 for base access
[    0.160745] HugeTLB registered 2.00 MiB page size, pre-allocated 0 pages
[    0.160795] ACPI: Added _OSI(Module Device)
[    0.160795] ACPI: Added _OSI(Processor Device)
[    0.164007] ACPI: Added _OSI(3.0 _SCP Extensions)
[    0.168005] ACPI: Added _OSI(Processor Aggregator Device)
[    0.172055] ACPI: Added _OSI(Linux-Dell-Video)
[    0.173016] ACPI: Added _OSI(Linux-Lenovo-NV-HDMI-Audio)
[    0.176008] ACPI: Added _OSI(Linux-HPI-Hybrid-Graphics)
[    0.177156] ACPI: Executed 1 blocks of module-level executable AML code
[    0.182148] ACPI: Interpreter enabled
[    0.182839] ACPI: (supports S0 S5)
[    0.183468] ACPI: Using IOAPIC for interrupt routing
[    0.184207] PCI: Using host bridge windows from ACPI; if necessary, use "pci=nocrs" and report a bug
[    0.186053] ACPI: Enabled 2 GPEs in block 00 to 07
[    0.192095] ACPI: PCI Root Bridge [PCI0] (domain 0000 [bus 00-ff])
[    0.193190] acpi PNP0A03:00: _OSC: OS supports [ASPM ClockPM Segments MSI]
[    0.194326] acpi PNP0A03:00: _OSC: not requesting OS control; OS requires [ExtendedConfig ASPM ClockPM MSI]
[    0.195926] acpi PNP0A03:00: fail to add MMCONFIG information, can't access extended PCI configuration space under this bridge.
[    0.196261] PCI host bridge to bus 0000:00
[    0.196949] pci_bus 0000:00: root bus resource [io  0x0000-0x0cf7 window]
[    0.198020] pci_bus 0000:00: root bus resource [io  0x0d00-0xffff window]
[    0.200003] pci_bus 0000:00: root bus resource [mem 0x000a0000-0x000bffff window]
[    0.201219] pci_bus 0000:00: root bus resource [mem 0x40000000-0xfdffffff window]
[    0.202442] pci_bus 0000:00: root bus resource [bus 00-ff]
[    0.205409] pci 0000:00:01.1: legacy IDE quirk: reg 0x10: [io  0x01f0-0x01f7]
[    0.206543] pci 0000:00:01.1: legacy IDE quirk: reg 0x14: [io  0x03f6]
[    0.207566] pci 0000:00:01.1: legacy IDE quirk: reg 0x18: [io  0x0170-0x0177]
[    0.208003] pci 0000:00:01.1: legacy IDE quirk: reg 0x1c: [io  0x0376]
[    0.220731] pci 0000:00:07.0: quirk: [io  0x4000-0x403f] claimed by PIIX4 ACPI
[    0.221742] pci 0000:00:07.0: quirk: [io  0x4100-0x410f] claimed by PIIX4 SMB
[    0.228796] ACPI: PCI Interrupt Link [LNKA] (IRQs 5 9 10 *11)
[    0.229761] ACPI: PCI Interrupt Link [LNKB] (IRQs 5 9 *10 11)
[    0.230595] ACPI: PCI Interrupt Link [LNKC] (IRQs 5 *9 10 11)
[    0.231401] ACPI: PCI Interrupt Link [LNKD] (IRQs 5 9 10 *11)
[    0.232309] SCSI subsystem initialized
[    0.232836] pci 0000:00:02.0: vgaarb: setting as boot VGA device
[    0.232836] pci 0000:00:02.0: vgaarb: VGA device added: decodes=io+mem,owns=io+mem,locks=none
[    0.233741] pci 0000:00:02.0: vgaarb: bridge control possible
[    0.234420] vgaarb: loaded
[    0.234803] ACPI: bus type USB registered
[    0.236026] usbcore: registered new interface driver usbfs
[    0.236895] usbcore: registered new interface driver hub
[    0.240023] usbcore: registered new device driver usb
[    0.240689] EDAC MC: Ver: 3.0.0
[    0.240689] PCI: Using ACPI for IRQ routing
[    0.244067] NetLabel: Initializing
[    0.248002] NetLabel:  domain hash size = 128
[    0.252001] NetLabel:  protocols = UNLABELED CIPSOv4 CALIPSO
[    0.252674] NetLabel:  unlabeled traffic allowed by default
[    0.253337] clocksource: Switched to clocksource kvm-clock
[    0.260834] VFS: Disk quotas dquot_6.6.0
[    0.261376] VFS: Dquot-cache hash table entries: 512 (order 0, 4096 bytes)
[    0.262256] AppArmor: AppArmor Filesystem Enabled
[    0.262854] pnp: PnP ACPI init
[    0.263978] pnp: PnP ACPI: found 3 devices
[    0.273026] clocksource: acpi_pm: mask: 0xffffff max_cycles: 0xffffff, max_idle_ns: 2085701024 ns
[    0.274103] NET: Registered protocol family 2
[    0.274769] TCP established hash table entries: 8192 (order: 4, 65536 bytes)
[    0.275581] TCP bind hash table entries: 8192 (order: 5, 131072 bytes)
[    0.276657] TCP: Hash tables configured (established 8192 bind 8192)
[    0.277400] UDP hash table entries: 512 (order: 2, 16384 bytes)
[    0.278114] UDP-Lite hash table entries: 512 (order: 2, 16384 bytes)
[    0.278877] NET: Registered protocol family 1
[    0.279422] pci 0000:00:00.0: Limiting direct PCI/PCI transfers
[    0.280149] pci 0000:00:01.0: Activating ISA DMA hang workarounds
[    0.280895] pci 0000:00:02.0: Video device with shadowed ROM at [mem 0x000c0000-0x000dffff]
[    0.281952] Unpacking initramfs...
[    0.511977] Freeing initrd memory: 19204K
[    0.537673] clocksource: tsc: mask: 0xffffffffffffffff max_cycles: 0x396d5f483f0, max_idle_ns: 881590717882 ns
[    0.539104] platform rtc_cmos: registered platform RTC device (no PNP device found)
[    0.540232] Scanning for low memory corruption every 60 seconds
[    0.541675] Initialise system trusted keyrings
[    0.543459] Key type blacklist registered
[    0.545150] workingset: timestamp_bits=36 max_order=18 bucket_order=0
[    0.547180] zbud: loaded
[    0.548108] squashfs: version 4.0 (2009/01/31) Phillip Lougher
[    0.549198] fuse init (API version 7.26)
[    0.554554] Key type asymmetric registered
[    0.555158] Asymmetric key parser 'x509' registered
[    0.555836] Block layer SCSI generic (bsg) driver version 0.4 loaded (major 246)
[    0.557998] io scheduler noop registered
[    0.558525] io scheduler deadline registered
[    0.559112] io scheduler cfq registered (default)
[    0.559966] ACPI: AC Adapter [AC] (on-line)
[    0.565818] input: Power Button as /devices/LNXSYSTM:00/LNXPWRBN:00/input/input0
[    0.568413] ACPI: Power Button [PWRF]
[    0.569757] input: Sleep Button as /devices/LNXSYSTM:00/LNXSLPBN:00/input/input1
[    0.606545] ACPI: Sleep Button [SLPF]
[    0.607709] ACPI: Battery Slot [BAT0] (battery present)
[    0.608105] Serial: 8250/16550 driver, 32 ports, IRQ sharing enabled
[    0.630618] 00:02: ttyS0 at I/O 0x3f8 (irq = 4, base_baud = 115200) is a 16550A
[    0.910803] Linux agpgart interface v0.103
[    0.912354] loop: module loaded
[    0.913353] scsi host0: ata_piix
[    0.914100] scsi host1: ata_piix
[    0.914627] ata1: PATA max UDMA/33 cmd 0x1f0 ctl 0x3f6 bmdma 0xd000 irq 14
[    0.915601] ata2: PATA max UDMA/33 cmd 0x170 ctl 0x376 bmdma 0xd008 irq 15
[    0.916531] libphy: Fixed MDIO Bus: probed
[    0.917052] tun: Universal TUN/TAP device driver, 1.6
[    0.917695] PPP generic driver version 2.4.2
[    0.918252] ehci_hcd: USB 2.0 'Enhanced' Host Controller (EHCI) Driver
[    0.919020] ehci-pci: EHCI PCI platform driver
[    0.919582] ehci-platform: EHCI generic platform driver
[    0.920200] ohci_hcd: USB 1.1 'Open' Host Controller (OHCI) Driver
[    0.920942] ohci-pci: OHCI PCI platform driver
[    0.921519] ohci-platform: OHCI generic platform driver
[    0.922142] uhci_hcd: USB Universal Host Controller Interface driver
[    0.922907] i8042: PNP: PS/2 Controller [PNP0303:PS2K,PNP0f03:PS2M] at 0x60,0x64 irq 1,12
[    0.924304] serio: i8042 KBD port at 0x60,0x64 irq 1
[    0.924915] serio: i8042 AUX port at 0x60,0x64 irq 12
[    0.925564] mousedev: PS/2 mouse device common for all mice
[    0.926382] input: AT Translated Set 2 keyboard as /devices/platform/i8042/serio0/input/input2
[    0.927631] rtc_cmos rtc_cmos: rtc core: registered rtc_cmos as rtc0
[    0.928428] rtc_cmos rtc_cmos: alarms up to one day, 114 bytes nvram
[    0.929173] i2c /dev entries driver
[    0.929654] device-mapper: uevent: version 1.0.3
[    0.930246] device-mapper: ioctl: 4.37.0-ioctl (2017-09-20) initialised: dm-devel@redhat.com
[    0.931321] ledtrig-cpu: registered to indicate activity on CPUs
[    0.932343] NET: Registered protocol family 10
[    0.936230] Segment Routing with IPv6
[    0.936709] NET: Registered protocol family 17
[    0.937282] Key type dns_resolver registered
[    0.937956] mce: Using 0 MCE banks
[    0.938405] RAS: Correctable Errors collector initialized.
[    0.939061] sched_clock: Marking stable (937908081, 0)->(2361180888, -1423272807)
[    0.940246] registered taskstats version 1
[    0.940756] Loading compiled-in X.509 certificates
[    0.943243] Loaded X.509 cert 'Build time autogenerated kernel key: b1772ce3e036cbf6bf2b7e9ed9be0f8806d61091'
[    0.944405] zswap: loaded using pool lzo/zbud
[    0.947677] Key type big_key registered
[    0.948156] Key type trusted registered
[    0.949853] Key type encrypted registered
[    0.950357] AppArmor: AppArmor sha1 policy hashing enabled
[    0.951001] ima: No TPM chip found, activating TPM-bypass! (rc=-19)
[    0.951730] ima: Allocated hash algorithm: sha1
[    0.952305] evm: HMAC attrs: 0x1
[    0.952893]   Magic number: 8:133:442
[    0.953417] rtc_cmos rtc_cmos: setting system clock to 2020-06-26 17:24:28 UTC (1593192268)
[    0.954537] BIOS EDD facility v0.16 2004-Jun-25, 0 devices found
[    0.955256] EDD information not available.
[    1.084500] Freeing unused kernel image memory: 2436K
[    1.440231] Write protecting the kernel read-only data: 20480k
[    1.600610] Freeing unused kernel image memory: 2008K
[    1.610190] Freeing unused kernel image memory: 1872K
[    1.617936] x86/mm: Checked W+X mappings: passed, no W+X pages found.
[    1.618917] x86/mm: Checking user space page tables
[    1.626217] x86/mm: Checked W+X mappings: passed, no W+X pages found.
Loading, please wait...
starting version 237
[    1.701947] Fusion MPT base driver 3.04.20
[    1.799512] Copyright (c) 1999-2008 LSI Corporation
[    1.811322] AVX2 version of gcm_enc/dec engaged.
[    1.811927] AES CTR mode by8 optimization enabled
[    1.812568] e1000: Intel(R) PRO/1000 Network Driver - version 7.3.21-k8-NAPI
[    1.813411] e1000: Copyright (c) 1999-2006 Intel Corporation.
[    1.819982] Fusion MPT SPI Host driver 3.04.20
[    1.906928] input: ImExPS/2 Generic Explorer Mouse as /devices/platform/i8042/serio1/input/input4
[    2.177838] e1000 0000:00:03.0 eth0: (PCI:33MHz:32-bit) 02:fc:38:2c:42:7e
[    2.181039] e1000 0000:00:03.0 eth0: Intel(R) PRO/1000 Network Connection
[    2.184265] mptbase: ioc0: Initiating bringup
[    2.566816] ioc0: LSI53C1030 A0: Capabilities={Initiator}
[    3.903794] scsi host2: ioc0: LSI53C1030 A0, FwRev=00000000h, Ports=1, MaxQ=256, IRQ=20
[    4.171152] scsi 2:0:0:0: Direct-Access     VBOX     HARDDISK         1.0  PQ: 0 ANSI: 5
[    4.500265] scsi target2:0:0: Beginning Domain Validation
[    4.539728] scsi target2:0:0: Domain Validation skipping write tests
[    4.540697] scsi target2:0:0: Ending Domain Validation
[    4.541534] e1000 0000:00:08.0 eth1: (PCI:33MHz:32-bit) 08:00:27:a9:e0:56
[    4.542769] e1000 0000:00:08.0 eth1: Intel(R) PRO/1000 Network Connection
[    4.542771] scsi target2:0:0: asynchronous
[    4.545532] e1000 0000:00:08.0 enp0s8: renamed from eth1
[    4.546885] scsi 2:0:1:0: Direct-Access     VBOX     HARDDISK         1.0  PQ: 0 ANSI: 5
[    4.556380] e1000 0000:00:03.0 enp0s3: renamed from eth0
[    4.732070] scsi target2:0:1: Beginning Domain Validation
[    4.880462] random: fast init done
[    4.905941] scsi target2:0:1: Domain Validation skipping write tests
[    4.906869] scsi target2:0:1: Ending Domain Validation
[    4.907736] scsi target2:0:1: asynchronous
[    4.911764] random: systemd-udevd: uninitialized urandom read (16 bytes read)
[    4.912093] sd 2:0:0:0: [sda] 20971520 512-byte logical blocks: (10.7 GB/10.0 GiB)
[    4.914402] random: systemd-udevd: uninitialized urandom read (16 bytes read)
[    4.938054] sd 2:0:0:0: Attached scsi generic sg0 type 0
[    4.939244] random: systemd-udevd: uninitialized urandom read (16 bytes read)
[    4.952812] sd 2:0:0:0: [sda] Write Protect is off
[    4.954722] sd 2:0:0:0: [sda] Incomplete mode parameter data
[    4.955538] sd 2:0:0:0: [sda] Assuming drive cache: write through
[    4.956380] sd 2:0:1:0: Attached scsi generic sg1 type 0
[    5.089669] sd 2:0:1:0: [sdb] 20480 512-byte logical blocks: (10.5 MB/10.0 MiB)
[    5.753191] sd 2:0:1:0: [sdb] Write Protect is off
[    5.897787] sd 2:0:1:0: [sdb] Incomplete mode parameter data
[    5.993753] sd 2:0:1:0: [sdb] Assuming drive cache: write through
[    5.995614]  sda: sda1
[    5.996754] sd 2:0:0:0: [sda] Attached SCSI disk
[    6.111501] sd 2:0:1:0: [sdb] Attached SCSI disk
Begin: Loading essential drivers[    7.829045] raid6: sse2x1   gen() 13443 MB/s
 ... [    7.924439] raid6: sse2x1   xor()  7136 MB/s
[    8.119049] raid6: sse2x2   gen() 16799 MB/s
[    8.239078] raid6: sse2x2   xor()  8463 MB/s
[    8.479034] raid6: sse2x4   gen() 17107 MB/s
[    8.728989] raid6: sse2x4   xor() 12254 MB/s
[    8.776011] raid6: avx2x1   gen() 24980 MB/s
[    8.828995] raid6: avx2x1   xor() 19706 MB/s
[    8.969030] raid6: avx2x2   gen() 30529 MB/s
[    9.099006] raid6: avx2x2   xor() 20313 MB/s
[    9.241455] raid6: avx2x4   gen() 35070 MB/s
[    9.306218] raid6: avx2x4   xor() 18782 MB/s
[    9.319674] raid6: using algorithm avx2x4 gen() 35070 MB/s
[    9.320420] raid6: .... xor() 18782 MB/s, rmw enabled
[    9.321094] raid6: using avx2x2 recovery algorithm
[    9.323027] xor: automatically using best checksumming function   avx       
[    9.325089] async_tx: api initialized (async)
done.
Begin: Running /scripts/init-premount ... done[    9.364773] Btrfs loaded, crc32c=crc32c-intel
.
Begin: Mounting root file system ... Begin: Running /scripts/local-top ... done.
Begin: Running /scripts/local-premount ... Scanning for Btrfs filesystems
done.
Warning: fsck not present, so skipping root file system
[    9.701219] EXT4-fs (sda1): mounted filesystem with ordered data mode. Opts: (null)
done.
Begin: Running /scripts/local-bottom ... done.
Begin: Running /scripts/init-bottom ... done.
[   10.340804] ip_tables: (C) 2000-2006 Netfilter Core Team
[   10.385988] systemd[1]: systemd 237 running in system mode. (+PAM +AUDIT +SELINUX +IMA +APPARMOR +SMACK +SYSVINIT +UTMP +LIBCRYPTSETUP +GCRYPT +GNUTLS +ACL +XZ +LZ4 +SECCOMP +BLKID +ELFUTILS +KMOD -IDN2 +IDN -PCRE2 default-hierarchy=hybrid)
[   10.420319] systemd[1]: Detected virtualization oracle.
[   10.421075] systemd[1]: Detected architecture x86-64.

Welcome to [1mUbuntu 18.04.4 LTS[0m!

[   10.436128] systemd[1]: Set hostname to <ubuntu>.
[   10.510811] systemd[1]: Initializing machine ID from random generator.
[   10.560187] systemd[1]: Installed transient /etc/machine-id file.
[   11.127097] random: crng init done
[   11.127677] random: 7 urandom warning(s) missed due to ratelimiting
[   11.306386] systemd[1]: Reached target System Time Synchronized.
[[0;32m  OK  [0m] Reached target System Time Synchronized.
[   11.309854] systemd[1]: Reached target Swap.
[[0;32m  OK  [0m] Reached target Swap.
[   11.320346] systemd[1]: Set up automount Arbitrary Executable File Formats File System Automount Point.
[[0;32m  OK  [0m] Set up automount Arbitrary Executab…rmats File System Automount Point.
[   11.453507] systemd[1]: Created slice User and Session Slice.
[[0;32m  OK  [0m] Created slice User and Session Slice.
[[0;32m  OK  [0m] Created slice System Slice.
[[0;32m  OK  [0m] Created slice system-serial\x2dgetty.slice.
[[0;32m  OK  [0m] Listening on /dev/initctl Compatibility Named Pipe.
[[0;32m  OK  [0m] Listening on Journal Audit Socket.
[[0;32m  OK  [0m] Listening on Device-mapper event daemon FIFOs.
[[0;32m  OK  [0m] Listening on udev Control Socket.
[[0;32m  OK  [0m] Listening on Journal Socket.
         Starting Set the console keyboard layout...
         Mounting Huge Pages File System...
         Starting Remount Root and Kernel File Systems...
         Starting Load Ke[   11.511421] EXT4-fs (sda1): re-mounted. Opts: (null)
rnel Modules...
[[0;32m  OK  [0m] Listening on LVM2 metadata daemon socket.
[[0;32m  OK  [0m] Listening on LVM2 poll daemon socket.
         Starting Monitoring of LVM2 mirrors…ng dmeventd or progress polling...
         Starting Uncomplicated firewall...
[[0;32m  OK  [0m] Listening on Journal Socket (/dev/log).
[[0;32m  OK  [0m] Listening on Network Service Netlink Socket.[   11.688930] Loading iSCSI transport class v2.0-870.

[[0;32m  OK  [0m] Reached target User and Group Name Lookups.
[[0;32m  OK  [0m] Listening on Syslog Socket.
         Starting Journal Service...
         Mounting Kernel Debug File System...
         Starting Create list of required st…ce nodes for the current kernel...
[[0;32m  OK  [0m] Reached target Slices.
         Mounting POSIX Message Queue File System...
[[0;32m  OK  [0m] Listening on udev Kernel Socket.
         Starting udev Coldplug all Devices...
[[0;32m  OK  [0m] Started Forward Password Requests to Wall Directory Watch.
[[0;32m  OK  [0m] Mounted Huge Pages File System.
[   11.778063] iscsi: registered transport (tcp)
[[0;32m  OK  [0m] Started Remount Root and Kernel File Systems.
[[0;32m  OK  [0m] Started Uncomplicated firewall.
[[0;32m  OK  [0m] Mounted Kernel Debug File System.
[[0;32m  OK  [0m] Mounted POSIX Message Queue File System.
[[0;32m  OK  [0m] Started LVM2 metadata daemon.
         Starting Load/Save Random Seed...
[[0;32m  OK  [0m] Started Journal Service.
[[0;32m  OK  [0m] Started Create list of required sta…vice nodes for the current kernel.
         Starting Create Static Device Nodes in /dev...
         Starting Flush Journal to Persistent Storage...
[[0;32m  OK  [0m] Started udev Coldplug all Devices.
[[0;32m  OK  [0m] Started Monitoring of LVM2 mirrors,…sing dmeventd or progress polling.
[[0;32m  OK  [0m] Started Load/Save Random Seed.
[   12.061076] iscsi: registered transport (iser)
[   12.248905] systemd-journald[392]: Received request to flush runtime journal from PID 1
[[0;32m  OK  [0m] Started Load Kernel Modules.
         Mounting FUSE Control File System...
         Starting Apply Kernel Variables...
         Mounting Kernel Configuration File System...
[[0;32m  OK  [0m] Mounted FUSE Control File System.
[[0;32m  OK  [0m] Mounted Kernel Configuration File System.
[[0;32m  OK  [0m] Started Create Static Device Nodes in /dev.
         Starting udev Kernel Device Manager...
[[0;32m  OK  [0m] Started Apply Kernel Variables.
[[0;32m  OK  [0m] Started udev Kernel Device Manager.
[[0;32m  OK  [0m] Started Flush Journal to Persistent Storage.
[[0;32m  OK  [0m] Found device /dev/ttyS0.
[[0;32m  OK  [0m] Listening on Load/Save RF Kill Switch Status /dev/rfkill Watch.
[[0;32m  OK  [0m] Started Set the console keyboard layout.
[[0;32m  OK  [0m] Started Dispatch Password Requests to Console Directory Watch.
[[0;32m  OK  [0m] Reached target Local Encrypted Volumes.
[[0;32m  OK  [0m] Reached target Local File Systems (Pre).
[[0;32m  OK  [0m] Reached target Local File Systems.
         Starting ebtables ruleset management...
         Starting Commit a transient machine-id on disk...
         Starting Tell Plymouth To Write Out Runtime Data...
         Starting Set console font and keymap...
         Starting AppArmor initialization...
         Starting Create Volatile Files and Directories...
[[0;32m  OK  [0m] Started Tell Plymouth To Write Out Runtime Data.
[[0;32m  OK  [0m] Started Commit a transient machine-id on disk.
[[0;32m  OK  [0m] Started Create Volatile Files and Directories.
         Starting Update UTMP about System Boot/Shutdown...
[[0;32m  OK  [0m] Started Update UTMP about System Boot/Shutdown.
[[0;32m  OK  [0m] Started ebtables ruleset management.
[[0;32m  OK  [0m] Started AppArmor initialization.
         Starting Initial cloud-init job (pre-networking)...
[[0;32m  OK  [0m] Started Set console font and keymap.
[   18.722395] cloud-init[833]: Cloud-init v. 19.4-33-gbb4131a2-0ubuntu1~18.04.1 running 'init-local' at Fri, 26 Jun 2020 17:24:45 +0000. Up 17.94 seconds.
[[0;32m  OK  [0m] Started Initial cloud-init job (pre-networking).
[[0;32m  OK  [0m] Reached target Network (Pre).
         Starting Network Service...
[[0;32m  OK  [0m] Started Network Service.
         Starting Network Name Resolution...
         Starting Wait for Network to be Configured...
[[0;32m  OK  [0m] Started Network Name Resolution.
[[0;32m  OK  [0m] Reached target Host and Network Name Lookups.
[[0;32m  OK  [0m] Reached target Network.
[[0;32m  OK  [0m] Started Wait for Network to be Configured.
         Starting Initial cloud-init job (metadata service crawler)...
[   21.045932] cloud-init[990]: Cloud-init v. 19.4-33-gbb4131a2-0ubuntu1~18.04.1 running 'init' at Fri, 26 Jun 2020 17:24:48 +0000. Up 20.91 seconds.
[   21.083912] cloud-init[990]: ci-info: ++++++++++++++++++++++++++++++++++++++Net device info+++++++++++++++++++++++++++++++++++++++
[   21.085549] cloud-init[990]: ci-info: +--------+-------+----------------------------+---------------+--------+-------------------+
[   21.087108] cloud-init[990]: ci-info: | Device |   Up  |          Address           |      Mask     | Scope  |     Hw-Address    |
[   21.088710] cloud-init[990]: ci-info: +--------+-------+----------------------------+---------------+--------+-------------------+
[   21.090271] cloud-init[990]: ci-info: | enp0s3 |  True |         10.0.2.15          | 255.255.255.0 | global | 02:fc:38:2c:42:7e |
[   21.091831] cloud-init[990]: ci-info: | enp0s3 |  True | fe80::fc:38ff:fe2c:427e/64 |       .       |  link  | 02:fc:38:2c:42:7e |
[   21.093410] cloud-init[990]: ci-info: | enp0s8 | False |             .              |       .       |   .    | 08:00:27:a9:e0:56 |
[   21.094964] cloud-init[990]: ci-info: |   lo   |  True |         127.0.0.1          |   255.0.0.0   |  host  |         .         |
[   21.096539] cloud-init[990]: ci-info: |   lo   |  True |          ::1/128           |       .       |  host  |         .         |
[   21.098096] cloud-init[990]: ci-info: +--------+-------+----------------------------+---------------+--------+-------------------+
[   21.099735] cloud-init[990]: ci-info: ++++++++++++++++++++++++++++Route IPv4 info+++++++++++++++++++++++++++++
[   21.101095] cloud-init[990]: ci-info: +-------+-------------+----------+-----------------+-----------+-------+
[   21.102443] cloud-init[990]: ci-info: | Route | Destination | Gateway  |     Genmask     | Interface | Flags |
[   21.103783] cloud-init[990]: ci-info: +-------+-------------+----------+-----------------+-----------+-------+
[   21.148786] cloud-init[990]: ci-info: |   0   |   0.0.0.0   | 10.0.2.2 |     0.0.0.0     |   enp0s3  |   UG  |
[   21.208350] cloud-init[990]: ci-info: |   1   |   10.0.2.0  | 0.0.0.0  |  255.255.255.0  |   enp0s3  |   U   |
[   21.235419] cloud-init[990]: ci-info: |   2   |   10.0.2.2  | 0.0.0.0  | 255.255.255.255 |   enp0s3  |   UH  |
[   21.268062] cloud-init[990]: ci-info: +-------+-------------+----------+-----------------+-----------+-------+
[   21.296822] cloud-init[990]: ci-info: +++++++++++++++++++Route IPv6 info+++++++++++++++++++
[   21.323284] cloud-init[990]: ci-info: +-------+-------------+---------+-----------+-------+
[   21.329723] cloud-init[990]: ci-info: | Route | Destination | Gateway | Interface | Flags |
[   21.335789] cloud-init[990]: ci-info: +-------+-------------+---------+-----------+-------+
[   21.339589] cloud-init[990]: ci-info: |   1   |  fe80::/64  |    ::   |   enp0s3  |   U   |
[   21.342465] cloud-init[990]: ci-info: |   3   |    local    |    ::   |   enp0s3  |   U   |
[   21.354590] cloud-init[990]: ci-info: |   4   |   ff00::/8  |    ::   |   enp0s3  |   U   |
[   21.355746] cloud-init[990]: ci-info: +-------+-------------+---------+-----------+-------+
[   22.754503] cloud-init[990]: Generating public/private rsa key pair.
[[0;32m  OK  [0m] Started Initial cloud-init job (metadata service crawler).
[[0;32m  OK  [0m] Reached target Network is Online.
[   22.855510] cloud-init[990]: Your identification has been saved in /etc/ssh/ssh_host_rsa_key.
[   22.877470] cloud-init[990]: Your public key has been saved in /etc/ssh/ssh_host_rsa_key.pub.
[[0;32m  OK  [0m] Reached target Remote File Systems (Pre).
[[0;32m  OK  [0m] Reached target Remote File Systems.
[   22.883868] cloud-init[990]: The key fingerprint is:
[   22.893425] cloud-init[990]: SHA256:mFJE8IldZd6BdjlNP5RFQgVULNtkrgFHD5FzdJQM4mc root@ubuntu-bionic
[   22.897297] cloud-init[990]: The key's randomart image is:
         Starting Availability of block devices...
[[0;32m  OK  [0m] Reached target System Initialization.
[   22.931224] cloud-init[990]: +---[RSA 2048]----+
[   22.978617] cloud-init[990]: |    .oo ..oo.O%%%|
[   22.980992] cloud-init[990]: |     = o o+.*.BO*|
[   22.983331] cloud-init[990]: |    . =  ..o.E @o|
[[0;32m  OK  [0m] Started Discard unused blocks once a week.
[   22.989274] cloud-init[990]: |     . o    o o +|
[   23.019557] cloud-init[990]: |    . o S      o |
[   23.039682] cloud-init[990]: |     .        .  |
[   23.068606] cloud-init[990]: |                 |
[[0;32m  OK  [0m] Started ACPI Events Check.
[[0;32m  OK  [0m] Reached target Paths.
[[0;32m  OK  [0m] Started Message of the Day.
[   23.099987] cloud-init[990]: |                 |
[   23.113580] cloud-init[990]: |                 |
[   23.115989] cloud-init[990]: +----[SHA256]-----+
[   23.118475] cloud-init[990]: Generating public/private dsa key pair.
         Starting Socket activation for snappy daemon.
[   23.134391] [[0;32m  OK  [0m] Listening on UUID daemon activation socket.
cloud-init[990]: Your identification has been saved in /etc/ssh/ssh_host_dsa_key.
         Starting LXD - unix socket.
[   23.173941] [cloud-init[0;32m  OK  [0m[990]: ] Your public key has been saved in /etc/ssh/ssh_host_dsa_key.pub.Listening on D-Bus System Message Bus Socket.

[[0;32m  OK  [0m] Started Daily Cleanup of Temporary Directories.
[   23.189762] [[0;32m  OK  [0m] Listening on Open-iSCSI iscsid Socket.
[[0;32m  OK  [0m] Started Daily apt download activities.
[[0;32m  OK  [0m] Started Daily apt upgrade and clean activities.
[[0;32m  OK  [0m] Reached target Timers.
[[0;32m  OK  [0m] Listening on ACPID Listen Socket.
[[0;32m  OK  [0m] Reached target Cloud-config availability.
[[0;32m  OK  [0m] Started Availability of block devices.
[[0;32m  OK  [0m] Listening on Socket activation for snappy daemon.
[[0;32m  OK  [0m] Listening on LXD - unix socket.
[[0;32m  OK  [0m] Reached target Sockets.
[[0;32m  OK  [0m] Reached target Basic System.
cloud-init[990]: The key fingerprint is:
[   23.215339] cloud-init[990]: SHA256:MAFYJCU15q/zDLoWaUEuyz4yB1W8oIE9jKvqy51bjxw root@ubuntu-bionic
[   23.218112]          Starting Pollinate to seed the pseudo random number generator...
         Starting LXD - container startup/shutdown...
[[0;32m  OK  [0m] Started Deferred execution scheduler.
[[0;32m  OK  [0m] Started Regular background program processing daemon.
         Starting LSB: automatic crash report generation...
cloud-init[990]: The key's randomart image is:
[   23.230532] cloud-init[[0;32m  OK  [0m] Started irqbalance daemon.
         Starting LSB: Record successful boot for GRUB...
[990]: +---[DSA 1024]----+
[   23.235202] cloud-init[990]: |.+oBO..          |
[   23.236361]          Starting Login Service...
cloud-init         Starting Accounts Service...
[990]: |+ B=o. .         |
[   23.244767] cloud-init[990]: | * +..o          |
[   23.245541] cloud-init[990]: |+ + .. o         |
[   23.246308] cloud-init[990]: |o+ o  . S        |
[   23.247058] cloud-init[990]: |+.+  .           |
[   23.247806] cloud-init[990]: |oo .+E           |
[   23.248570] cloud-init[990]: |=o+.+=+          |
[   23.249316] cloud-init[990]: |oB==.oo.         |
[   23.252188] cloud-init[990]: +----[SHA256]-----+
[   23.254573] cloud-init[990]: Generating public/private ecdsa key pair.
[   23.282214] cloud-init[990]: Your identification has been saved in /etc/ssh/ssh_host_ecdsa_key.
[   23.283648] cloud-init[990]: Your public key has been saved in /etc/ssh/ssh_host_ecdsa_key.pub.
[   23.285076] cloud-init[990]: The key fingerprint is:
[   23.285966] cloud-init[990]: SHA256:9KUbWiVqAK8AcspZB8zTTlTj5AAP/r+ehNMVAYu1Efw root@ubuntu-bionic
[   23.287401] cloud-init[990]: The key's randomart image is:
[   23.288317] cloud-init[990]: +---[ECDSA 256]---+
[   23.289170] cloud-init[990]: |o +=*+oOo.       |
[   23.289980] cloud-init[990]: |o++++=B.= .      |
[   23.290751] cloud-init[990]: |.o..+oo=o.. o    |
[   23.291490] cloud-init[990]: |   ..o o E.=     |
[   23.292238] cloud-init[990]: |    ..  S.=      |
[   23.292973] cloud-init[990]: |      +..o o     |
[   23.293712] cloud-init[990]: |     o +. .      |
[   23.294444] cloud-init[990]: |      o o        |
[   23.295203] cloud-init[990]: |      .+         |
[   23.295955] cloud-init[990]: +----[SHA256]-----+
[   23.296763] cloud-init[990]: Generating public/private ed25519 key pair.
[   23.297838] cloud-init[990]: Your identification has been saved in /etc/ssh/ssh_host_ed25519_key.
[   23.299239] cloud-init[990]: Your public key has been saved in /etc/ssh/ssh_host_ed25519_key.pub.
[   23.300583] cloud-init[990]: The key fingerprint is:
[   23.301387] cloud-init[990]: SHA256:u+Ze2hKiGR2+fS9EYgRyFSOEe0pPVO8tGx/QnGJ32Nk root@ubuntu-bionic
[   23.302779] cloud-init[990]: The key's randomart image is:
[   23.303643] cloud-init[990]: +--[ED25519 256]--+
[   23.304459] cloud-init[990]: |    .o=+=.       |
[   23.305216] cloud-init[990]: |    .o...o o + o |
[   23.305976] cloud-init[990]: |     o .  = * + E|
[   23.306730] cloud-init[990]: |    o + oo.= .   |
[   23.307473] cloud-init[990]: |   . B oSo+ o    |
[   23.308224] cloud-init[990]: |    o = ...= .   |
[   23.336839] cloud-init[990]: |     + +.oo .    |
[   23.345194] cloud-init[990]: |    o . +=o      |
[   23.348773] cloud-init[990]: |       +=o.o.    |
[   23.352440] cloud-init[990]: +----[SHA256]-----+
         Starting Dispatcher daemon for systemd-networkd...
[[0;32m  OK  [0m] Started FUSE filesystem for LXC.
         Starting Permit User Sessions...
[[0;32m  OK  [0m] Started D-Bus System Message Bus.
[[0;32m  OK  [0m] Started Login Service.
[[0;32m  OK  [0m] Started Unattended Upgrades Shutdown.
         Starting System Logging Service...
         Starting Snappy daemon...
         Starting Virtualbox guest utils...
[[0;32m  OK  [0m] Started Permit User Sessions.
         Starting Terminate Plymouth Boot Screen...
         Starting Hold until boot process finishes up...
[[0;32m  OK  [0m] Started Hold until boot process finishes up.
         Starting Set console scheme...
[[0;32m  OK  [0m] Started Serial Getty on ttyS0.
[[0;32m  OK  [0m] Started Terminate Plymouth Boot Screen.
[[0;32m  OK  [0m] Started LSB: automatic crash report generation.
[[0;32m  OK  [0m] Started Set console scheme.
[[0;32m  OK  [0m] Created slice system-getty.slice.
[[0;32m  OK  [0m] Started Getty on tty1.
[[0;32m  OK  [0m] Reached target Login Prompts.
         Starting Authorization Manager...
[[0;32m  OK  [0m] Started System Logging Service.
[[0;32m  OK  [0m] Started LSB: Record successful boot for GRUB.
[[0;32m  OK  [0m] Started Virtualbox guest utils.
[[0;32m  OK  [0m] Started Authorization Manager.
[[0;32m  OK  [0m] Started Accounts Service.
[[0;32m  OK  [0m] Started Dispatcher daemon for systemd-networkd.
[[0;32m  OK  [0m] Started LXD - container startup/shutdown.
[[0;32m  OK  [0m] Started Snappy daemon.
         Starting Wait until snapd is fully seeded...
[[0;32m  OK  [0m] Started Pollinate to seed the pseudo random number generator.
         Starting OpenBSD Secure Shell server...
[[0;32m  OK  [0m] Started OpenBSD Secure Shell server.
[[0;32m  OK  [0m] Created slice User Slice of vagrant.
         Starting User Manager for UID 1000...
[[0;32m  OK  [0m] Started Session 1 of user vagrant.
[[0;32m  OK  [0m] Started User Manager for UID 1000.

Ubuntu 18.04.4 LTS ubuntu-bionic ttyS0

ubuntu-bionic login: [   31.481206] cloud-init[1635]: Cloud-init v. 19.4-33-gbb4131a2-0ubuntu1~18.04.1 running 'modules:config' at Fri, 26 Jun 2020 17:24:57 +0000. Up 29.63 seconds.
ci-info: no authorized SSH keys fingerprints found for user ubuntu.
<14>Jun 26 17:24:59 ec2: 
<14>Jun 26 17:24:59 ec2: #############################################################
<14>Jun 26 17:24:59 ec2: -----BEGIN SSH HOST KEY FINGERPRINTS-----
<14>Jun 26 17:24:59 ec2: 1024 SHA256:MAFYJCU15q/zDLoWaUEuyz4yB1W8oIE9jKvqy51bjxw root@ubuntu-bionic (DSA)
<14>Jun 26 17:24:59 ec2: 256 SHA256:9KUbWiVqAK8AcspZB8zTTlTj5AAP/r+ehNMVAYu1Efw root@ubuntu-bionic (ECDSA)
<14>Jun 26 17:24:59 ec2: 256 SHA256:u+Ze2hKiGR2+fS9EYgRyFSOEe0pPVO8tGx/QnGJ32Nk root@ubuntu-bionic (ED25519)
<14>Jun 26 17:24:59 ec2: 2048 SHA256:mFJE8IldZd6BdjlNP5RFQgVULNtkrgFHD5FzdJQM4mc root@ubuntu-bionic (RSA)
<14>Jun 26 17:24:59 ec2: -----END SSH HOST KEY FINGERPRINTS-----
<14>Jun 26 17:24:59 ec2: #############################################################
-----BEGIN SSH HOST KEY KEYS-----
ecdsa-sha2-nistp256 AAAAE2VjZHNhLXNoYTItbmlzdHAyNTYAAAAIbmlzdHAyNTYAAABBBE2FfssS0aB1o76c3Bjg+WaGEj1f7+pi6UTh3V0TCk0cC43QhmhT2xtdUwLMEBg/V9tzFOFug7RAZTV6eAU5/WU= root@ubuntu-bionic
ssh-ed25519 AAAAC3NzaC1lZDI1NTE5AAAAIJ772hNEhf3nJUofW6fGktePuw6jG03IGFZBlCzsoHNR root@ubuntu-bionic
ssh-rsa AAAAB3NzaC1yc2EAAAADAQABAAABAQDykWi8+hWtqeEXC8KXmjniQvoMnKEXFKhW8lIlHICjahgVXJeNtEu3UepOdcCxzRGvFsUWZdisAvPq5dZI3ccXmZkTS/t4RPWI/UTInaUXaadoiqov8q98W3EorIYawajsHVmWZlQSq+q8oYX3X86ko4WN/wJffKM2FVHyD3vlX0z4bQwepOE5vkHigGkLrZmsNH1xCbfcqxIYKFpluvWllwRYcUspVnMKdNwyx/PBZcmmM+CmZ+o2kFpdPoJMeYcrQmjt0KBMtutA8lH/sMKLTgw146F/hlUm8sTSrUKM3vX3LF7iz5KDLYWwX3eoTF7OGu7k9L9r+wfvxVtf8YQ5 root@ubuntu-bionic
-----END SSH HOST KEY KEYS-----
[   32.118545] cloud-init[1769]: Cloud-init v. 19.4-33-gbb4131a2-0ubuntu1~18.04.1 running 'modules:final' at Fri, 26 Jun 2020 17:24:59 +0000. Up 31.94 seconds.
[   32.118624] cloud-init[1769]: ci-info: no authorized SSH keys fingerprints found for user ubuntu.
[   32.118682] cloud-init[1769]: Cloud-init v. 19.4-33-gbb4131a2-0ubuntu1~18.04.1 finished at Fri, 26 Jun 2020 17:24:59 +0000. Datasource DataSourceNoCloud [seed=/dev/sdb][dsmode=net].  Up 32.10 seconds
